{
  "RSpec": {
    "coverage": {
      "/Users/Leca/Documents/Project/Ruby/CoderTicket/spec/controllers/users_controller_spec.rb": [
        null,
        null,
        null,
        null,
        null,
        null,
        null,
        null,
        null,
        null,
        null,
        null,
        null,
        null,
        null,
        null,
        null,
        null,
        null,
        null,
        null,
        null,
        null
      ]
    },
    "timestamp": 1478860248
  }
}
